
> soni-cms@1.0.0 deploy:app
> opennextjs-cloudflare build && opennextjs-cloudflare deploy


ÔöîÔöÇÔöÇÔöÇÔöÇÔöÇÔöÇÔöÇÔöÇÔöÇÔöÇÔöÇÔöÇÔöÇÔöÇÔöÇÔöÇÔöÇÔöÇÔöÇÔöÇÔöÇÔöÇÔöÇÔöÇÔöÇÔöÇÔöÇÔöÇÔöÇÔöÉ
Ôöé OpenNext ÔÇö Cloudflare build Ôöé
ÔööÔöÇÔöÇÔöÇÔöÇÔöÇÔöÇÔöÇÔöÇÔöÇÔöÇÔöÇÔöÇÔöÇÔöÇÔöÇÔöÇÔöÇÔöÇÔöÇÔöÇÔöÇÔöÇÔöÇÔöÇÔöÇÔöÇÔöÇÔöÇÔöÇÔöÿ

WARN OpenNext is not fully compatible with Windows.
WARN For optimal performance, it is recommended to use Windows Subsystem for Linux (WSL).
WARN While OpenNext may function on Windows, it could encounter unpredictable failures during runtime.
App directory: E:\Antigravity\soni-cms
Next.js version : 16.1.6
WARN Next.js 16.1+ requires wrangler 4.59.2 or greater (4.46.0 detected).
@opennextjs/cloudflare version: 1.16.1
@opennextjs/aws version: 3.9.14

ÔöîÔöÇÔöÇÔöÇÔöÇÔöÇÔöÇÔöÇÔöÇÔöÇÔöÇÔöÇÔöÇÔöÇÔöÇÔöÇÔöÇÔöÇÔöÇÔöÇÔöÇÔöÇÔöÇÔöÇÔöÇÔöÇÔöÇÔöÇÔöÇÔöÇÔöÇÔöÇÔöÇÔöÇÔöÉ
Ôöé OpenNext ÔÇö Building Next.js app Ôöé
ÔööÔöÇÔöÇÔöÇÔöÇÔöÇÔöÇÔöÇÔöÇÔöÇÔöÇÔöÇÔöÇÔöÇÔöÇÔöÇÔöÇÔöÇÔöÇÔöÇÔöÇÔöÇÔöÇÔöÇÔöÇÔöÇÔöÇÔöÇÔöÇÔöÇÔöÇÔöÇÔöÇÔöÇÔöÿ


> soni-cms@1.0.0 build
> cross-env NODE_OPTIONS="--no-deprecation --max-old-space-size=8000" next build

Ôû▓ Next.js 16.1.6 (Turbopack)
- Environments: .env

ÔÜá The "middleware" file convention is deprecated. Please use "proxy" instead. Learn more: https://nextjs.org/docs/messages/middleware-to-proxy
  Creating an optimized production build ...
Turbopack build encountered 2 warnings:
./src/components/Dashboard/recent.scss
Issue while running loader
SassWarning: Deprecation Warning on line 82, column 15 of file:///E:/Antigravity/soni-cms/src/components/Dashboard/recent.scss:82:15:
Global built-in functions are deprecated and will be removed in Dart Sass 3.0.0.
Use color.adjust instead.

More info and automated migrator: https://sass-lang.com/d/import

82 |         color: lighten($neon-magenta, 10%);


src\components\Dashboard\recent.scss 83:16  root stylesheet



./src/components/Dashboard/recent.scss
Issue while running loader
SassWarning: Deprecation Warning on line 82, column 15 of file:///E:/Antigravity/soni-cms/src/components/Dashboard/recent.scss:82:15:
lighten() is deprecated. Suggestions:

color.scale($color, $lightness: 20%)
color.adjust($color, $lightness: 10%)

More info: https://sass-lang.com/d/color-functions

82 |         color: lighten($neon-magenta, 10%);


src\components\Dashboard\recent.scss 83:16  root stylesheet



Ô£ô Compiled successfully in 10.9s
  Running TypeScript ...
  Collecting page data using 23 workers ...
Ôû▓ [WARNING] AI bindings always access remote resources, and so may incur usage charges even in local dev. To suppress this warning, set `remote: true` for the binding definition in your configuration file.


Ôû▓ [WARNING] AI bindings always access remote resources, and so may incur usage charges even in local dev. To suppress this warning, set `remote: true` for the binding definition in your configuration file.


Ôû▓ [WARNING] AI bindings always access remote resources, and so may incur usage charges even in local dev. To suppress this warning, set `remote: true` for the binding definition in your configuration file.


Ôû▓ [WARNING] AI bindings always access remote resources, and so may incur usage charges even in local dev. To suppress this warning, set `remote: true` for the binding definition in your configuration file.


Ôû▓ [WARNING] AI bindings always access remote resources, and so may incur usage charges even in local dev. To suppress this warning, set `remote: true` for the binding definition in your configuration file.


Ôû▓ [WARNING] AI bindings always access remote resources, and so may incur usage charges even in local dev. To suppress this warning, set `remote: true` for the binding definition in your configuration file.


  Generating static pages using 23 workers (0/8) ...
  Generating static pages using 23 workers (2/8) 
Ôû▓ [WARNING] AI bindings always access remote resources, and so may incur usage charges even in local dev. To suppress this warning, set `remote: true` for the binding definition in your configuration file.


Ôû▓ [WARNING] AI bindings always access remote resources, and so may incur usage charges even in local dev. To suppress this warning, set `remote: true` for the binding definition in your configuration file.


  Generating static pages using 23 workers (4/8) 
  Generating static pages using 23 workers (6/8) 
Ô£ô Generating static pages using 23 workers (8/8) in 6.6s
  Finalizing page optimization ...

Route (app)
Ôöî ãÆ /
Ôö£ Ôùï /_not-found
Ôö£ ãÆ /admin/[[...segments]]
Ôö£ ãÆ /api/[...slug]
Ôö£ ãÆ /api/graphql
Ôö£ ãÆ /api/graphql-playground
Ôöö ÔùÅ /transmission/[slug]
  Ôö£ /transmission/welcome
  Ôö£ /transmission/edge-of-tomorrow-cloudflare-workers-ai
  Ôö£ /transmission/designing-invisible-interface
  Ôöö /transmission/react-server-components-mental-model


ãÆ Proxy (Middleware)

Ôùï  (Static)   prerendered as static content
ÔùÅ  (SSG)      prerendered as static HTML (uses generateStaticParams)
ãÆ  (Dynamic)  server-rendered on demand


ÔöîÔöÇÔöÇÔöÇÔöÇÔöÇÔöÇÔöÇÔöÇÔöÇÔöÇÔöÇÔöÇÔöÇÔöÇÔöÇÔöÇÔöÇÔöÇÔöÇÔöÇÔöÇÔöÇÔöÇÔöÇÔöÇÔöÇÔöÇÔöÇÔöÇÔöÇÔöÉ
Ôöé OpenNext ÔÇö Generating bundle Ôöé
ÔööÔöÇÔöÇÔöÇÔöÇÔöÇÔöÇÔöÇÔöÇÔöÇÔöÇÔöÇÔöÇÔöÇÔöÇÔöÇÔöÇÔöÇÔöÇÔöÇÔöÇÔöÇÔöÇÔöÇÔöÇÔöÇÔöÇÔöÇÔöÇÔöÇÔöÇÔöÿ

Bundling middleware function...
Bundling static assets...
Bundling cache assets...
Building server function: default...
opennextjs-cloudflare build

Build an OpenNext Cloudflare worker

Options:
      --help                                Show help                  [boolean]
      --version                             Show version number        [boolean]
  -c, --config                              Path to Wrangler configuration file
                                                                        [string]
      --configPath                          Path to Wrangler configuration file
                                                           [deprecated] [string]
  -e, --env                                 Wrangler environment to use for
                                            operations                  [string]
  -s, --skipNextBuild, --skipBuild          Skip building the Next.js app
                                                      [boolean] [default: false]
      --noMinify                            Disable worker minification
                                                      [boolean] [default: false]
      --skipWranglerConfigCheck             Skip checking for a Wrangler config
                                                      [boolean] [default: false]
      --openNextConfigPath                  Path to the OpenNext configuration
                                            file                        [string]
      --dangerouslyUseUnsupportedNextVersi  Allow using unsupported Next.js
      on                                    versions  [boolean] [default: false]

Error: EPERM: operation not permitted, symlink 'E:\Antigravity\soni-cms\node_modules\.pnpm\@next+env@16.1.6\node_modules\@next\env' -> 'E:\Antigravity\soni-cms\.open-next\server-functions\default\node_modules\.pnpm\next@16.1.6_@babel+core@7.2_15e5a36738a27fe720d7b6049aa5c399\node_modules\@next\env'
    at symlinkSync (node:fs:1882:11)
    at file:///E:/Antigravity/soni-cms/node_modules/.pnpm/@opennextjs+aws@3.9.14_next_04694caf407e35de42d932c606987a46/node_modules/@opennextjs/aws/dist/build/copyTracedFiles.js:197:17
    at Map.forEach (<anonymous>)
    at copyTracedFiles (file:///E:/Antigravity/soni-cms/node_modules/.pnpm/@opennextjs+aws@3.9.14_next_04694caf407e35de42d932c606987a46/node_modules/@opennextjs/aws/dist/build/copyTracedFiles.js:179:17)
    at generateBundle (file:///E:/Antigravity/soni-cms/node_modules/.pnpm/@opennextjs+cloudflare@1.16_f96683f6f3564076676273f7a28889f6/node_modules/@opennextjs/cloudflare/dist/cli/build/open-next/createServerBundle.js:121:60)
    at createServerBundle (file:///E:/Antigravity/soni-cms/node_modules/.pnpm/@opennextjs+cloudflare@1.16_f96683f6f3564076676273f7a28889f6/node_modules/@opennextjs/cloudflare/dist/cli/build/open-next/createServerBundle.js:75:11)
    at process.processTicksAndRejections (node:internal/process/task_queues:103:5)
    at async build (file:///E:/Antigravity/soni-cms/node_modules/.pnpm/@opennextjs+cloudflare@1.16_f96683f6f3564076676273f7a28889f6/node_modules/@opennextjs/cloudflare/dist/cli/build/build.js:73:5)
    at async buildCommand (file:///E:/Antigravity/soni-cms/node_modules/.pnpm/@opennextjs+cloudflare@1.16_f96683f6f3564076676273f7a28889f6/node_modules/@opennextjs/cloudflare/dist/cli/commands/build.js:21:5) {
  errno: -4048,
  code: 'EPERM',
  syscall: 'symlink',
  path: 'E:\\Antigravity\\soni-cms\\node_modules\\.pnpm\\@next+env@16.1.6\\node_modules\\@next\\env',
  dest: 'E:\\Antigravity\\soni-cms\\.open-next\\server-functions\\default\\node_modules\\.pnpm\\next@16.1.6_@babel+core@7.2_15e5a36738a27fe720d7b6049aa5c399\\node_modules\\@next\\env'
}
