
> soni-cms@1.0.0 deploy:app
> opennextjs-cloudflare build && opennextjs-cloudflare deploy


ÔöîÔöÇÔöÇÔöÇÔöÇÔöÇÔöÇÔöÇÔöÇÔöÇÔöÇÔöÇÔöÇÔöÇÔöÇÔöÇÔöÇÔöÇÔöÇÔöÇÔöÇÔöÇÔöÇÔöÇÔöÇÔöÇÔöÇÔöÇÔöÇÔöÇÔöÉ
Ôöé OpenNext ÔÇö Cloudflare build Ôöé
ÔööÔöÇÔöÇÔöÇÔöÇÔöÇÔöÇÔöÇÔöÇÔöÇÔöÇÔöÇÔöÇÔöÇÔöÇÔöÇÔöÇÔöÇÔöÇÔöÇÔöÇÔöÇÔöÇÔöÇÔöÇÔöÇÔöÇÔöÇÔöÇÔöÇÔöÿ

WARN OpenNext is not fully compatible with Windows.
WARN For optimal performance, it is recommended to use Windows Subsystem for Linux (WSL).
WARN While OpenNext may function on Windows, it could encounter unpredictable failures during runtime.
App directory: E:\Antigravity\soni-cms
Next.js version : 16.1.6
@opennextjs/cloudflare version: 1.16.1
@opennextjs/aws version: 3.9.14

ÔöîÔöÇÔöÇÔöÇÔöÇÔöÇÔöÇÔöÇÔöÇÔöÇÔöÇÔöÇÔöÇÔöÇÔöÇÔöÇÔöÇÔöÇÔöÇÔöÇÔöÇÔöÇÔöÇÔöÇÔöÇÔöÇÔöÇÔöÇÔöÇÔöÇÔöÇÔöÇÔöÇÔöÇÔöÉ
Ôöé OpenNext ÔÇö Building Next.js app Ôöé
ÔööÔöÇÔöÇÔöÇÔöÇÔöÇÔöÇÔöÇÔöÇÔöÇÔöÇÔöÇÔöÇÔöÇÔöÇÔöÇÔöÇÔöÇÔöÇÔöÇÔöÇÔöÇÔöÇÔöÇÔöÇÔöÇÔöÇÔöÇÔöÇÔöÇÔöÇÔöÇÔöÇÔöÇÔöÿ


> soni-cms@1.0.0 build
> cross-env NODE_OPTIONS="--no-deprecation --max-old-space-size=8000" next build

Ôû▓ Next.js 16.1.6 (Turbopack)
- Environments: .env

ÔÜá The "middleware" file convention is deprecated. Please use "proxy" instead. Learn more: https://nextjs.org/docs/messages/middleware-to-proxy
  Creating an optimized production build ...
Turbopack build encountered 2 warnings:
./src/components/Dashboard/recent.scss
Issue while running loader
SassWarning: Deprecation Warning on line 82, column 15 of file:///E:/Antigravity/soni-cms/src/components/Dashboard/recent.scss:82:15:
Global built-in functions are deprecated and will be removed in Dart Sass 3.0.0.
Use color.adjust instead.

More info and automated migrator: https://sass-lang.com/d/import

82 |         color: lighten($neon-magenta, 10%);


src\components\Dashboard\recent.scss 83:16  root stylesheet



./src/components/Dashboard/recent.scss
Issue while running loader
SassWarning: Deprecation Warning on line 82, column 15 of file:///E:/Antigravity/soni-cms/src/components/Dashboard/recent.scss:82:15:
lighten() is deprecated. Suggestions:

color.scale($color, $lightness: 20%)
color.adjust($color, $lightness: 10%)

More info: https://sass-lang.com/d/color-functions

82 |         color: lighten($neon-magenta, 10%);


src\components\Dashboard\recent.scss 83:16  root stylesheet



Ô£ô Compiled successfully in 9.8s
  Running TypeScript ...
Failed to compile.

./open-next.config.ts:5:3
Type error: Object literal may only specify known properties, and 'build' does not exist in type 'CloudflareOverrides'.

  3 |
  4 | export default defineCloudflareConfig({
> 5 |   build: {
    |   ^
  6 |     external: ['typescript', 'drizzle-kit', 'sharp'],
  7 |   },
  8 | })
Next.js build worker exited with code: 1 and signal: null
opennextjs-cloudflare build

Build an OpenNext Cloudflare worker

Options:
      --help                                Show help                  [boolean]
      --version                             Show version number        [boolean]
  -c, --config                              Path to Wrangler configuration file
                                                                        [string]
      --configPath                          Path to Wrangler configuration file
                                                           [deprecated] [string]
  -e, --env                                 Wrangler environment to use for
                                            operations                  [string]
  -s, --skipNextBuild, --skipBuild          Skip building the Next.js app
                                                      [boolean] [default: false]
      --noMinify                            Disable worker minification
                                                      [boolean] [default: false]
      --skipWranglerConfigCheck             Skip checking for a Wrangler config
                                                      [boolean] [default: false]
      --openNextConfigPath                  Path to the OpenNext configuration
                                            file                        [string]
      --dangerouslyUseUnsupportedNextVersi  Allow using unsupported Next.js
      on                                    versions  [boolean] [default: false]

Error: Command failed: npm run build
    at genericNodeError (node:internal/errors:985:15)
    at wrappedFn (node:internal/errors:539:14)
    at checkExecSyncError (node:child_process:925:11)
    at Object.execSync (node:child_process:997:15)
    at buildNextjsApp (file:///E:/Antigravity/soni-cms/node_modules/.pnpm/@opennextjs+aws@3.9.14_next_04694caf407e35de42d932c606987a46/node_modules/@opennextjs/aws/dist/build/buildNextApp.js:15:8)
    at build (file:///E:/Antigravity/soni-cms/node_modules/.pnpm/@opennextjs+cloudflare@1.16_7a0f42d2084d94bf9c1d34ff7aec82a5/node_modules/@opennextjs/cloudflare/dist/cli/build/build.js:49:9)
    at async buildCommand (file:///E:/Antigravity/soni-cms/node_modules/.pnpm/@opennextjs+cloudflare@1.16_7a0f42d2084d94bf9c1d34ff7aec82a5/node_modules/@opennextjs/cloudflare/dist/cli/commands/build.js:21:5) {
  status: 1,
  signal: null,
  output: [ null, null, null ],
  pid: 27284,
  stdout: null,
  stderr: null
}
