
 Ôøà´©Å wrangler 4.61.0 (update available 4.62.0)
ÔöÇÔöÇÔöÇÔöÇÔöÇÔöÇÔöÇÔöÇÔöÇÔöÇÔöÇÔöÇÔöÇÔöÇÔöÇÔöÇÔöÇÔöÇÔöÇÔöÇÔöÇÔöÇÔöÇÔöÇÔöÇÔöÇÔöÇÔöÇÔöÇÔöÇÔöÇÔöÇÔöÇÔöÇÔöÇÔöÇÔöÇÔöÇÔöÇÔöÇÔöÇÔöÇÔöÇÔöÇÔöÇ
Successfully created tail, expires at 2026-02-04T02:23:06Z
Connected to soni-cms, waiting for logs...
"*/10 * * * *" @ 3/2/2026, 3:20:08 p.m. - Exception Thrown
  (warn) Received a ScheduledEvent but we lack a handler for ScheduledEvents (a.k.a. Cron Triggers). Did you remember to export a scheduled() function?
X [ERROR]   Error: Handler does not export a scheduled() function


POST https://soninewmedia.com/admin - Ok @ 3/2/2026, 3:23:01 p.m.
  (log) [DEBUG_SONI] payload.config.ts loading...
  (log) [DEBUG_SONI] PAYLOAD_SECRET present: true
  (log) [VC_ELITE_DEBUG] hasRole check: role=admin, has=false, user_id=none
  (log) [VC_ELITE_DEBUG] isAdmin final: false
  (log) [VC_ELITE_DEBUG] hasRole check: role=admin, has=false, user_id=none
  (log) [VC_ELITE_DEBUG] isAdmin final: false
  (log) [VC_ELITE_DEBUG] hasRole check: role=admin, has=false, user_id=none
  (log) [VC_ELITE_DEBUG] isAdmin final: false
  (log) [VC_ELITE_DEBUG] isEditor final: false
  (log) [VC_ELITE_DEBUG] isEditor final: false
  (log) [VC_ELITE_DEBUG] isEditor final: false
  (log) [VC_ELITE_DEBUG] isEditor final: false
  (log) [VC_ELITE_DEBUG] isEditor final: false
  (log) [VC_ELITE_DEBUG] isEditor final: false
  (log) [VC_ELITE_DEBUG] hasRole check: role=admin, has=false, user_id=none
  (log) [VC_ELITE_DEBUG] isAdmin final: false
  (log) [VC_ELITE_DEBUG] hasRole check: role=admin, has=false, user_id=none
  (log) [VC_ELITE_DEBUG] isAdmin final: false
  (log) [VC_ELITE_DEBUG] isEditor final: false
  (log) [VC_ELITE_DEBUG] isEditor final: false
  (log) [VC_ELITE_DEBUG] isEditor final: false
  (log) [VC_ELITE_DEBUG] hasRole check: role=admin, has=false, user_id=none
  (log) [VC_ELITE_DEBUG] isAdmin final: false
  (log) [VC_ELITE_DEBUG] hasRole check: role=admin, has=false, user_id=none
  (log) [VC_ELITE_DEBUG] isAdmin final: false
  (log) [VC_ELITE_DEBUG] hasRole check: role=admin, has=false, user_id=none
  (log) [VC_ELITE_DEBUG] isAdmin final: false
  (log) [VC_ELITE_DEBUG] isEditor final: false
  (log) [VC_ELITE_DEBUG] isEditor final: false
  (log) [VC_ELITE_DEBUG] isEditor final: false
  (log) [VC_ELITE_DEBUG] isEditor final: false
  (log) [VC_ELITE_DEBUG] isEditor final: false
  (log) [VC_ELITE_DEBUG] isEditor final: false
  (log) [VC_ELITE_DEBUG] hasRole check: role=admin, has=false, user_id=none
  (log) [VC_ELITE_DEBUG] isAdmin final: false
  (log) [VC_ELITE_DEBUG] hasRole check: role=admin, has=false, user_id=none
  (log) [VC_ELITE_DEBUG] isAdmin final: false
  (log) [VC_ELITE_DEBUG] isEditor final: false
  (log) [VC_ELITE_DEBUG] isEditor final: false
  (log) [VC_ELITE_DEBUG] isEditor final: false
  (log) [VC_ELITE_DEBUG] hasRole check: role=admin, has=false, user_id=none
  (log) [VC_ELITE_DEBUG] hasRole check: role=admin, has=false, user_id=none
X [ERROR]   Error: Failed to publish diagnostics channel message: 


X [ERROR]   Error: Failed to publish diagnostics channel message: 


POST https://www.soninewmedia.com/api/media?depth=0&fallback-locale=null - Ok @ 3/2/2026, 3:24:29 p.m.
  (log) [VC_ELITE_DEBUG] Middleware bypass for /api/media POST
  (log) [DEBUG_SONI] payload.config.ts loading...
  (log) [DEBUG_SONI] PAYLOAD_SECRET present: true
  (log) [VC_ELITE_DEBUG] Payload API POST: https://www.soninewmedia.com/api/media?depth=0&fallback-locale=null - Type: multipart/form-data; boundary=----WebKitFormBoundarydQbyUTZlWKJA3eAl, Length: 5548536
  (log) [VC_ELITE_DEBUG] isEditor final: true
  (log) [VC_ELITE_DEBUG] Payload returned status: 400
X [ERROR]   Error: Failed to publish diagnostics channel message: 


X [ERROR]   Error: Failed to publish diagnostics channel message: 


X [ERROR]   Error: Failed to publish diagnostics channel message: 


X [ERROR]   Error: Failed to publish diagnostics channel message: 


X [ERROR]   Error: Failed to publish diagnostics channel message: 


X [ERROR]   Error: Failed to publish diagnostics channel message: 


POST https://www.soninewmedia.com/admin/collections/media/create - Ok @ 3/2/2026, 3:24:34 p.m.
  (warn) Error: Failed to find Server Action "40923837b0b77f288485e240e2c1d72c95f9373c9e". This request might be from an older or newer deployment.
Read more: https://nextjs.org/docs/messages/failed-to-find-server-action
POST https://www.soninewmedia.com/admin/collections/media/create - Ok @ 3/2/2026, 3:25:08 p.m.
  (warn) Error: Failed to find Server Action "40923837b0b77f288485e240e2c1d72c95f9373c9e". This request might be from an older or newer deployment.
Read more: https://nextjs.org/docs/messages/failed-to-find-server-action
POST https://www.soninewmedia.com/api/media?depth=0&fallback-locale=null - Ok @ 3/2/2026, 3:25:11 p.m.
  (log) [VC_ELITE_DEBUG] Middleware bypass for /api/media POST
  (log) [DEBUG_SONI] payload.config.ts loading...
  (log) [DEBUG_SONI] PAYLOAD_SECRET present: true
  (log) [VC_ELITE_DEBUG] Payload API POST: https://www.soninewmedia.com/api/media?depth=0&fallback-locale=null - Type: multipart/form-data; boundary=----WebKitFormBoundaryBH0m7hBWASLtfFGp, Length: 5063
  (log) [VC_ELITE_DEBUG] isEditor final: true
  (log) [VC_ELITE_DEBUG] Payload returned status: 400
X [ERROR]   Error: Failed to publish diagnostics channel message: 


X [ERROR]   Error: Failed to publish diagnostics channel message: 


X [ERROR]   Error: Failed to publish diagnostics channel message: 


X [ERROR]   Error: Failed to publish diagnostics channel message: 


X [ERROR]   Error: Failed to publish diagnostics channel message: 


X [ERROR]   Error: Failed to publish diagnostics channel message: 


